<?xml version="1.0" encoding="UTF-8"?>
<testsuite xmlns:xsi="http://www.w3.org/2001/XMLSchema-instance" xsi:noNamespaceSchemaLocation="https://maven.apache.org/surefire/maven-surefire-plugin/xsd/surefire-test-report-3.0.xsd" version="3.0" name="com.praktikum.whitebox.service.ServiceInventarisTest" time="1.482" tests="18" errors="0" skipped="0" failures="0">
  <properties>
[...]
</properties>
  <testcase name="testGetProdukStokHabis_ListKosong" classname="com.praktikum.whitebox.service.ServiceInventarisTest" time="1.388">
    <system-err><![CDATA[WARNING: A Java agent has been loaded dynamically (C:\Users\Shaw\.m2\repository\net\bytebuddy\byte-buddy-agent\1.14.11\byte-buddy-agent-1.14.11.jar)
WARNING: If a serviceability tool is in use, please run with -XX:+EnableDynamicAgentLoading to hide this warning
WARNING: If a serviceability tool is not in use, please run with -Djdk.instrument.traceUsage for more information
WARNING: Dynamic loading of agents will be disallowed by default in a future release
]]></system-err>
  </testcase>
  <testcase name="testKeluarStokGagalStokTidakMencukupi" classname="com.praktikum.whitebox.service.ServiceInventarisTest" time="0.011"/>
  <testcase name="testGetProdukStokHabis_DataDitemukan" classname="com.praktikum.whitebox.service.ServiceInventarisTest" time="0.003"/>
  <testcase name="testKeluarStok_GagalProdukTidakAktif" classname="com.praktikum.whitebox.service.ServiceInventarisTest" time="0.003"/>
  <testcase name="testHitungTotalStok_Berhasil" classname="com.praktikum.whitebox.service.ServiceInventarisTest" time="0.005"/>
  <testcase name="testHitungTotalStok_HanyaProdukAktif" classname="com.praktikum.whitebox.service.ServiceInventarisTest" time="0.002"/>
  <testcase name="testKeluarStokBerhasil" classname="com.praktikum.whitebox.service.ServiceInventarisTest" time="0.005"/>
  <testcase name="testHitungTotalNilaiInventaris" classname="com.praktikum.whitebox.service.ServiceInventarisTest" time="0.008"/>
  <testcase name="testHitungTotalNilaiInventaris_Berhasil" classname="com.praktikum.whitebox.service.ServiceInventarisTest" time="0.004"/>
  <testcase name="testUpdateStok_GagalStokNegatif" classname="com.praktikum.whitebox.service.ServiceInventarisTest" time="0.005"/>
  <testcase name="testTambahProdukGagalSudahAda" classname="com.praktikum.whitebox.service.ServiceInventarisTest" time="0.005"/>
  <testcase name="testHitungTotalStok_ListKosong" classname="com.praktikum.whitebox.service.ServiceInventarisTest" time="0.002"/>
  <testcase name="testTambahProdukGagalHargaTidakValid" classname="com.praktikum.whitebox.service.ServiceInventarisTest" time="0.002"/>
  <testcase name="testUpdateStok_Berhasil" classname="com.praktikum.whitebox.service.ServiceInventarisTest" time="0.002"/>
  <testcase name="testGetProdukStokMenipis_Berhasil" classname="com.praktikum.whitebox.service.ServiceInventarisTest" time="0.003"/>
  <testcase name="testGetProdukStokMenipis" classname="com.praktikum.whitebox.service.ServiceInventarisTest" time="0.002"/>
  <testcase name="testUpdateStok_GagalTidakDitemukan" classname="com.praktikum.whitebox.service.ServiceInventarisTest" time="0.002"/>
  <testcase name="testTambahProdukBerhasil" classname="com.praktikum.whitebox.service.ServiceInventarisTest" time="0.003"/>
</testsuite>